Created by PLY version 3.11 (http://www.dabeaz.com/ply)

Unused terminals:

    COMA

Grammar

Rule 0     S' -> programa
Rule 1     programa -> lista_sentencias
Rule 2     lista_sentencias -> lista_sentencias sentencia
Rule 3     lista_sentencias -> sentencia
Rule 4     sentencia -> declaracion
Rule 5     sentencia -> asignacion
Rule 6     sentencia -> mostrar_stmt
Rule 7     sentencia -> leer_stmt
Rule 8     sentencia -> si_stmt
Rule 9     declaracion -> tipo ID ASIGNAR expr PUNTOCOM
Rule 10    tipo -> ENTERO
Rule 11    tipo -> CADENA_TIPO
Rule 12    tipo -> LOGICO_TIPO
Rule 13    asignacion -> ID ASIGNAR expr PUNTOCOM
Rule 14    mostrar_stmt -> MOSTRAR PAR_IZQ expr PAR_DER PUNTOCOM
Rule 15    leer_stmt -> LEER PAR_IZQ ID PAR_DER PUNTOCOM
Rule 16    si_stmt -> SI PAR_IZQ expr PAR_DER LLA_IZQ lista_sentencias LLA_DER SINO LLA_IZQ lista_sentencias LLA_DER
Rule 17    si_stmt -> SI PAR_IZQ expr PAR_DER LLA_IZQ lista_sentencias LLA_DER
Rule 18    expr -> expr O expr_y
Rule 19    expr -> expr_y
Rule 20    expr_y -> expr_y Y expr_no
Rule 21    expr_y -> expr_no
Rule 22    expr_no -> NO expr_no
Rule 23    expr_no -> expr_rel
Rule 24    expr_rel -> expr_arit MAYOR expr_arit
Rule 25    expr_rel -> expr_arit MENOR expr_arit
Rule 26    expr_rel -> expr_arit MAYOR_IG expr_arit
Rule 27    expr_rel -> expr_arit MENOR_IG expr_arit
Rule 28    expr_rel -> expr_arit IGUAL expr_arit
Rule 29    expr_rel -> expr_arit DISTINTO expr_arit
Rule 30    expr_rel -> expr_arit
Rule 31    expr_arit -> expr_arit MAS termino
Rule 32    expr_arit -> expr_arit MENOS termino
Rule 33    expr_arit -> termino
Rule 34    termino -> termino POR factor
Rule 35    termino -> termino ENTRE factor
Rule 36    termino -> factor
Rule 37    factor -> NUMERO
Rule 38    factor -> LITERAL_CADENA
Rule 39    factor -> VERDADERO
Rule 40    factor -> FALSO
Rule 41    factor -> ID
Rule 42    factor -> PAR_IZQ expr PAR_DER
Rule 43    factor -> MENOS factor

Terminals, with rules where they appear

ASIGNAR              : 9 13
CADENA_TIPO          : 11
COMA                 : 
DISTINTO             : 29
ENTERO               : 10
ENTRE                : 35
FALSO                : 40
ID                   : 9 13 15 41
IGUAL                : 28
LEER                 : 15
LITERAL_CADENA       : 38
LLA_DER              : 16 16 17
LLA_IZQ              : 16 16 17
LOGICO_TIPO          : 12
MAS                  : 31
MAYOR                : 24
MAYOR_IG             : 26
MENOR                : 25
MENOR_IG             : 27
MENOS                : 32 43
MOSTRAR              : 14
NO                   : 22
NUMERO               : 37
O                    : 18
PAR_DER              : 14 15 16 17 42
PAR_IZQ              : 14 15 16 17 42
POR                  : 34
PUNTOCOM             : 9 13 14 15
SI                   : 16 17
SINO                 : 16
VERDADERO            : 39
Y                    : 20
error                : 

Nonterminals, with rules where they appear

asignacion           : 5
declaracion          : 4
expr                 : 9 13 14 16 17 18 42
expr_arit            : 24 24 25 25 26 26 27 27 28 28 29 29 30 31 32
expr_no              : 20 21 22
expr_rel             : 23
expr_y               : 18 19 20
factor               : 34 35 36 43
leer_stmt            : 7
lista_sentencias     : 1 2 16 16 17
mostrar_stmt         : 6
programa             : 0
sentencia            : 2 3
si_stmt              : 8
termino              : 31 32 33 34 35
tipo                 : 9

Parsing method: LALR

state 0

    (0) S' -> . programa
    (1) programa -> . lista_sentencias
    (2) lista_sentencias -> . lista_sentencias sentencia
    (3) lista_sentencias -> . sentencia
    (4) sentencia -> . declaracion
    (5) sentencia -> . asignacion
    (6) sentencia -> . mostrar_stmt
    (7) sentencia -> . leer_stmt
    (8) sentencia -> . si_stmt
    (9) declaracion -> . tipo ID ASIGNAR expr PUNTOCOM
    (13) asignacion -> . ID ASIGNAR expr PUNTOCOM
    (14) mostrar_stmt -> . MOSTRAR PAR_IZQ expr PAR_DER PUNTOCOM
    (15) leer_stmt -> . LEER PAR_IZQ ID PAR_DER PUNTOCOM
    (16) si_stmt -> . SI PAR_IZQ expr PAR_DER LLA_IZQ lista_sentencias LLA_DER SINO LLA_IZQ lista_sentencias LLA_DER
    (17) si_stmt -> . SI PAR_IZQ expr PAR_DER LLA_IZQ lista_sentencias LLA_DER
    (10) tipo -> . ENTERO
    (11) tipo -> . CADENA_TIPO
    (12) tipo -> . LOGICO_TIPO

    ID              shift and go to state 10
    MOSTRAR         shift and go to state 11
    LEER            shift and go to state 12
    SI              shift and go to state 13
    ENTERO          shift and go to state 14
    CADENA_TIPO     shift and go to state 15
    LOGICO_TIPO     shift and go to state 16

    programa                       shift and go to state 1
    lista_sentencias               shift and go to state 2
    sentencia                      shift and go to state 3
    declaracion                    shift and go to state 4
    asignacion                     shift and go to state 5
    mostrar_stmt                   shift and go to state 6
    leer_stmt                      shift and go to state 7
    si_stmt                        shift and go to state 8
    tipo                           shift and go to state 9

state 1

    (0) S' -> programa .



state 2

    (1) programa -> lista_sentencias .
    (2) lista_sentencias -> lista_sentencias . sentencia
    (4) sentencia -> . declaracion
    (5) sentencia -> . asignacion
    (6) sentencia -> . mostrar_stmt
    (7) sentencia -> . leer_stmt
    (8) sentencia -> . si_stmt
    (9) declaracion -> . tipo ID ASIGNAR expr PUNTOCOM
    (13) asignacion -> . ID ASIGNAR expr PUNTOCOM
    (14) mostrar_stmt -> . MOSTRAR PAR_IZQ expr PAR_DER PUNTOCOM
    (15) leer_stmt -> . LEER PAR_IZQ ID PAR_DER PUNTOCOM
    (16) si_stmt -> . SI PAR_IZQ expr PAR_DER LLA_IZQ lista_sentencias LLA_DER SINO LLA_IZQ lista_sentencias LLA_DER
    (17) si_stmt -> . SI PAR_IZQ expr PAR_DER LLA_IZQ lista_sentencias LLA_DER
    (10) tipo -> . ENTERO
    (11) tipo -> . CADENA_TIPO
    (12) tipo -> . LOGICO_TIPO

    $end            reduce using rule 1 (programa -> lista_sentencias .)
    ID              shift and go to state 10
    MOSTRAR         shift and go to state 11
    LEER            shift and go to state 12
    SI              shift and go to state 13
    ENTERO          shift and go to state 14
    CADENA_TIPO     shift and go to state 15
    LOGICO_TIPO     shift and go to state 16

    sentencia                      shift and go to state 17
    declaracion                    shift and go to state 4
    asignacion                     shift and go to state 5
    mostrar_stmt                   shift and go to state 6
    leer_stmt                      shift and go to state 7
    si_stmt                        shift and go to state 8
    tipo                           shift and go to state 9

state 3

    (3) lista_sentencias -> sentencia .

    ID              reduce using rule 3 (lista_sentencias -> sentencia .)
    MOSTRAR         reduce using rule 3 (lista_sentencias -> sentencia .)
    LEER            reduce using rule 3 (lista_sentencias -> sentencia .)
    SI              reduce using rule 3 (lista_sentencias -> sentencia .)
    ENTERO          reduce using rule 3 (lista_sentencias -> sentencia .)
    CADENA_TIPO     reduce using rule 3 (lista_sentencias -> sentencia .)
    LOGICO_TIPO     reduce using rule 3 (lista_sentencias -> sentencia .)
    $end            reduce using rule 3 (lista_sentencias -> sentencia .)
    LLA_DER         reduce using rule 3 (lista_sentencias -> sentencia .)


state 4

    (4) sentencia -> declaracion .

    ID              reduce using rule 4 (sentencia -> declaracion .)
    MOSTRAR         reduce using rule 4 (sentencia -> declaracion .)
    LEER            reduce using rule 4 (sentencia -> declaracion .)
    SI              reduce using rule 4 (sentencia -> declaracion .)
    ENTERO          reduce using rule 4 (sentencia -> declaracion .)
    CADENA_TIPO     reduce using rule 4 (sentencia -> declaracion .)
    LOGICO_TIPO     reduce using rule 4 (sentencia -> declaracion .)
    $end            reduce using rule 4 (sentencia -> declaracion .)
    LLA_DER         reduce using rule 4 (sentencia -> declaracion .)


state 5

    (5) sentencia -> asignacion .

    ID              reduce using rule 5 (sentencia -> asignacion .)
    MOSTRAR         reduce using rule 5 (sentencia -> asignacion .)
    LEER            reduce using rule 5 (sentencia -> asignacion .)
    SI              reduce using rule 5 (sentencia -> asignacion .)
    ENTERO          reduce using rule 5 (sentencia -> asignacion .)
    CADENA_TIPO     reduce using rule 5 (sentencia -> asignacion .)
    LOGICO_TIPO     reduce using rule 5 (sentencia -> asignacion .)
    $end            reduce using rule 5 (sentencia -> asignacion .)
    LLA_DER         reduce using rule 5 (sentencia -> asignacion .)


state 6

    (6) sentencia -> mostrar_stmt .

    ID              reduce using rule 6 (sentencia -> mostrar_stmt .)
    MOSTRAR         reduce using rule 6 (sentencia -> mostrar_stmt .)
    LEER            reduce using rule 6 (sentencia -> mostrar_stmt .)
    SI              reduce using rule 6 (sentencia -> mostrar_stmt .)
    ENTERO          reduce using rule 6 (sentencia -> mostrar_stmt .)
    CADENA_TIPO     reduce using rule 6 (sentencia -> mostrar_stmt .)
    LOGICO_TIPO     reduce using rule 6 (sentencia -> mostrar_stmt .)
    $end            reduce using rule 6 (sentencia -> mostrar_stmt .)
    LLA_DER         reduce using rule 6 (sentencia -> mostrar_stmt .)


state 7

    (7) sentencia -> leer_stmt .

    ID              reduce using rule 7 (sentencia -> leer_stmt .)
    MOSTRAR         reduce using rule 7 (sentencia -> leer_stmt .)
    LEER            reduce using rule 7 (sentencia -> leer_stmt .)
    SI              reduce using rule 7 (sentencia -> leer_stmt .)
    ENTERO          reduce using rule 7 (sentencia -> leer_stmt .)
    CADENA_TIPO     reduce using rule 7 (sentencia -> leer_stmt .)
    LOGICO_TIPO     reduce using rule 7 (sentencia -> leer_stmt .)
    $end            reduce using rule 7 (sentencia -> leer_stmt .)
    LLA_DER         reduce using rule 7 (sentencia -> leer_stmt .)


state 8

    (8) sentencia -> si_stmt .

    ID              reduce using rule 8 (sentencia -> si_stmt .)
    MOSTRAR         reduce using rule 8 (sentencia -> si_stmt .)
    LEER            reduce using rule 8 (sentencia -> si_stmt .)
    SI              reduce using rule 8 (sentencia -> si_stmt .)
    ENTERO          reduce using rule 8 (sentencia -> si_stmt .)
    CADENA_TIPO     reduce using rule 8 (sentencia -> si_stmt .)
    LOGICO_TIPO     reduce using rule 8 (sentencia -> si_stmt .)
    $end            reduce using rule 8 (sentencia -> si_stmt .)
    LLA_DER         reduce using rule 8 (sentencia -> si_stmt .)


state 9

    (9) declaracion -> tipo . ID ASIGNAR expr PUNTOCOM

    ID              shift and go to state 18


state 10

    (13) asignacion -> ID . ASIGNAR expr PUNTOCOM

    ASIGNAR         shift and go to state 19


state 11

    (14) mostrar_stmt -> MOSTRAR . PAR_IZQ expr PAR_DER PUNTOCOM

    PAR_IZQ         shift and go to state 20


state 12

    (15) leer_stmt -> LEER . PAR_IZQ ID PAR_DER PUNTOCOM

    PAR_IZQ         shift and go to state 21


state 13

    (16) si_stmt -> SI . PAR_IZQ expr PAR_DER LLA_IZQ lista_sentencias LLA_DER SINO LLA_IZQ lista_sentencias LLA_DER
    (17) si_stmt -> SI . PAR_IZQ expr PAR_DER LLA_IZQ lista_sentencias LLA_DER

    PAR_IZQ         shift and go to state 22


state 14

    (10) tipo -> ENTERO .

    ID              reduce using rule 10 (tipo -> ENTERO .)


state 15

    (11) tipo -> CADENA_TIPO .

    ID              reduce using rule 11 (tipo -> CADENA_TIPO .)


state 16

    (12) tipo -> LOGICO_TIPO .

    ID              reduce using rule 12 (tipo -> LOGICO_TIPO .)


state 17

    (2) lista_sentencias -> lista_sentencias sentencia .

    ID              reduce using rule 2 (lista_sentencias -> lista_sentencias sentencia .)
    MOSTRAR         reduce using rule 2 (lista_sentencias -> lista_sentencias sentencia .)
    LEER            reduce using rule 2 (lista_sentencias -> lista_sentencias sentencia .)
    SI              reduce using rule 2 (lista_sentencias -> lista_sentencias sentencia .)
    ENTERO          reduce using rule 2 (lista_sentencias -> lista_sentencias sentencia .)
    CADENA_TIPO     reduce using rule 2 (lista_sentencias -> lista_sentencias sentencia .)
    LOGICO_TIPO     reduce using rule 2 (lista_sentencias -> lista_sentencias sentencia .)
    $end            reduce using rule 2 (lista_sentencias -> lista_sentencias sentencia .)
    LLA_DER         reduce using rule 2 (lista_sentencias -> lista_sentencias sentencia .)


state 18

    (9) declaracion -> tipo ID . ASIGNAR expr PUNTOCOM

    ASIGNAR         shift and go to state 23


state 19

    (13) asignacion -> ID ASIGNAR . expr PUNTOCOM
    (18) expr -> . expr O expr_y
    (19) expr -> . expr_y
    (20) expr_y -> . expr_y Y expr_no
    (21) expr_y -> . expr_no
    (22) expr_no -> . NO expr_no
    (23) expr_no -> . expr_rel
    (24) expr_rel -> . expr_arit MAYOR expr_arit
    (25) expr_rel -> . expr_arit MENOR expr_arit
    (26) expr_rel -> . expr_arit MAYOR_IG expr_arit
    (27) expr_rel -> . expr_arit MENOR_IG expr_arit
    (28) expr_rel -> . expr_arit IGUAL expr_arit
    (29) expr_rel -> . expr_arit DISTINTO expr_arit
    (30) expr_rel -> . expr_arit
    (31) expr_arit -> . expr_arit MAS termino
    (32) expr_arit -> . expr_arit MENOS termino
    (33) expr_arit -> . termino
    (34) termino -> . termino POR factor
    (35) termino -> . termino ENTRE factor
    (36) termino -> . factor
    (37) factor -> . NUMERO
    (38) factor -> . LITERAL_CADENA
    (39) factor -> . VERDADERO
    (40) factor -> . FALSO
    (41) factor -> . ID
    (42) factor -> . PAR_IZQ expr PAR_DER
    (43) factor -> . MENOS factor

    NO              shift and go to state 28
    NUMERO          shift and go to state 34
    LITERAL_CADENA  shift and go to state 35
    VERDADERO       shift and go to state 36
    FALSO           shift and go to state 37
    ID              shift and go to state 24
    PAR_IZQ         shift and go to state 38
    MENOS           shift and go to state 32

    expr                           shift and go to state 25
    expr_y                         shift and go to state 26
    expr_no                        shift and go to state 27
    expr_rel                       shift and go to state 29
    expr_arit                      shift and go to state 30
    termino                        shift and go to state 31
    factor                         shift and go to state 33

state 20

    (14) mostrar_stmt -> MOSTRAR PAR_IZQ . expr PAR_DER PUNTOCOM
    (18) expr -> . expr O expr_y
    (19) expr -> . expr_y
    (20) expr_y -> . expr_y Y expr_no
    (21) expr_y -> . expr_no
    (22) expr_no -> . NO expr_no
    (23) expr_no -> . expr_rel
    (24) expr_rel -> . expr_arit MAYOR expr_arit
    (25) expr_rel -> . expr_arit MENOR expr_arit
    (26) expr_rel -> . expr_arit MAYOR_IG expr_arit
    (27) expr_rel -> . expr_arit MENOR_IG expr_arit
    (28) expr_rel -> . expr_arit IGUAL expr_arit
    (29) expr_rel -> . expr_arit DISTINTO expr_arit
    (30) expr_rel -> . expr_arit
    (31) expr_arit -> . expr_arit MAS termino
    (32) expr_arit -> . expr_arit MENOS termino
    (33) expr_arit -> . termino
    (34) termino -> . termino POR factor
    (35) termino -> . termino ENTRE factor
    (36) termino -> . factor
    (37) factor -> . NUMERO
    (38) factor -> . LITERAL_CADENA
    (39) factor -> . VERDADERO
    (40) factor -> . FALSO
    (41) factor -> . ID
    (42) factor -> . PAR_IZQ expr PAR_DER
    (43) factor -> . MENOS factor

    NO              shift and go to state 28
    NUMERO          shift and go to state 34
    LITERAL_CADENA  shift and go to state 35
    VERDADERO       shift and go to state 36
    FALSO           shift and go to state 37
    ID              shift and go to state 24
    PAR_IZQ         shift and go to state 38
    MENOS           shift and go to state 32

    expr                           shift and go to state 39
    expr_y                         shift and go to state 26
    expr_no                        shift and go to state 27
    expr_rel                       shift and go to state 29
    expr_arit                      shift and go to state 30
    termino                        shift and go to state 31
    factor                         shift and go to state 33

state 21

    (15) leer_stmt -> LEER PAR_IZQ . ID PAR_DER PUNTOCOM

    ID              shift and go to state 40


state 22

    (16) si_stmt -> SI PAR_IZQ . expr PAR_DER LLA_IZQ lista_sentencias LLA_DER SINO LLA_IZQ lista_sentencias LLA_DER
    (17) si_stmt -> SI PAR_IZQ . expr PAR_DER LLA_IZQ lista_sentencias LLA_DER
    (18) expr -> . expr O expr_y
    (19) expr -> . expr_y
    (20) expr_y -> . expr_y Y expr_no
    (21) expr_y -> . expr_no
    (22) expr_no -> . NO expr_no
    (23) expr_no -> . expr_rel
    (24) expr_rel -> . expr_arit MAYOR expr_arit
    (25) expr_rel -> . expr_arit MENOR expr_arit
    (26) expr_rel -> . expr_arit MAYOR_IG expr_arit
    (27) expr_rel -> . expr_arit MENOR_IG expr_arit
    (28) expr_rel -> . expr_arit IGUAL expr_arit
    (29) expr_rel -> . expr_arit DISTINTO expr_arit
    (30) expr_rel -> . expr_arit
    (31) expr_arit -> . expr_arit MAS termino
    (32) expr_arit -> . expr_arit MENOS termino
    (33) expr_arit -> . termino
    (34) termino -> . termino POR factor
    (35) termino -> . termino ENTRE factor
    (36) termino -> . factor
    (37) factor -> . NUMERO
    (38) factor -> . LITERAL_CADENA
    (39) factor -> . VERDADERO
    (40) factor -> . FALSO
    (41) factor -> . ID
    (42) factor -> . PAR_IZQ expr PAR_DER
    (43) factor -> . MENOS factor

    NO              shift and go to state 28
    NUMERO          shift and go to state 34
    LITERAL_CADENA  shift and go to state 35
    VERDADERO       shift and go to state 36
    FALSO           shift and go to state 37
    ID              shift and go to state 24
    PAR_IZQ         shift and go to state 38
    MENOS           shift and go to state 32

    expr                           shift and go to state 41
    expr_y                         shift and go to state 26
    expr_no                        shift and go to state 27
    expr_rel                       shift and go to state 29
    expr_arit                      shift and go to state 30
    termino                        shift and go to state 31
    factor                         shift and go to state 33

state 23

    (9) declaracion -> tipo ID ASIGNAR . expr PUNTOCOM
    (18) expr -> . expr O expr_y
    (19) expr -> . expr_y
    (20) expr_y -> . expr_y Y expr_no
    (21) expr_y -> . expr_no
    (22) expr_no -> . NO expr_no
    (23) expr_no -> . expr_rel
    (24) expr_rel -> . expr_arit MAYOR expr_arit
    (25) expr_rel -> . expr_arit MENOR expr_arit
    (26) expr_rel -> . expr_arit MAYOR_IG expr_arit
    (27) expr_rel -> . expr_arit MENOR_IG expr_arit
    (28) expr_rel -> . expr_arit IGUAL expr_arit
    (29) expr_rel -> . expr_arit DISTINTO expr_arit
    (30) expr_rel -> . expr_arit
    (31) expr_arit -> . expr_arit MAS termino
    (32) expr_arit -> . expr_arit MENOS termino
    (33) expr_arit -> . termino
    (34) termino -> . termino POR factor
    (35) termino -> . termino ENTRE factor
    (36) termino -> . factor
    (37) factor -> . NUMERO
    (38) factor -> . LITERAL_CADENA
    (39) factor -> . VERDADERO
    (40) factor -> . FALSO
    (41) factor -> . ID
    (42) factor -> . PAR_IZQ expr PAR_DER
    (43) factor -> . MENOS factor

    NO              shift and go to state 28
    NUMERO          shift and go to state 34
    LITERAL_CADENA  shift and go to state 35
    VERDADERO       shift and go to state 36
    FALSO           shift and go to state 37
    ID              shift and go to state 24
    PAR_IZQ         shift and go to state 38
    MENOS           shift and go to state 32

    expr                           shift and go to state 42
    expr_y                         shift and go to state 26
    expr_no                        shift and go to state 27
    expr_rel                       shift and go to state 29
    expr_arit                      shift and go to state 30
    termino                        shift and go to state 31
    factor                         shift and go to state 33

state 24

    (41) factor -> ID .

    POR             reduce using rule 41 (factor -> ID .)
    ENTRE           reduce using rule 41 (factor -> ID .)
    MAYOR           reduce using rule 41 (factor -> ID .)
    MENOR           reduce using rule 41 (factor -> ID .)
    MAYOR_IG        reduce using rule 41 (factor -> ID .)
    MENOR_IG        reduce using rule 41 (factor -> ID .)
    IGUAL           reduce using rule 41 (factor -> ID .)
    DISTINTO        reduce using rule 41 (factor -> ID .)
    MAS             reduce using rule 41 (factor -> ID .)
    MENOS           reduce using rule 41 (factor -> ID .)
    Y               reduce using rule 41 (factor -> ID .)
    PUNTOCOM        reduce using rule 41 (factor -> ID .)
    O               reduce using rule 41 (factor -> ID .)
    PAR_DER         reduce using rule 41 (factor -> ID .)


state 25

    (13) asignacion -> ID ASIGNAR expr . PUNTOCOM
    (18) expr -> expr . O expr_y

    PUNTOCOM        shift and go to state 43
    O               shift and go to state 44


state 26

    (19) expr -> expr_y .
    (20) expr_y -> expr_y . Y expr_no

    PUNTOCOM        reduce using rule 19 (expr -> expr_y .)
    O               reduce using rule 19 (expr -> expr_y .)
    PAR_DER         reduce using rule 19 (expr -> expr_y .)
    Y               shift and go to state 45


state 27

    (21) expr_y -> expr_no .

    Y               reduce using rule 21 (expr_y -> expr_no .)
    PUNTOCOM        reduce using rule 21 (expr_y -> expr_no .)
    O               reduce using rule 21 (expr_y -> expr_no .)
    PAR_DER         reduce using rule 21 (expr_y -> expr_no .)


state 28

    (22) expr_no -> NO . expr_no
    (22) expr_no -> . NO expr_no
    (23) expr_no -> . expr_rel
    (24) expr_rel -> . expr_arit MAYOR expr_arit
    (25) expr_rel -> . expr_arit MENOR expr_arit
    (26) expr_rel -> . expr_arit MAYOR_IG expr_arit
    (27) expr_rel -> . expr_arit MENOR_IG expr_arit
    (28) expr_rel -> . expr_arit IGUAL expr_arit
    (29) expr_rel -> . expr_arit DISTINTO expr_arit
    (30) expr_rel -> . expr_arit
    (31) expr_arit -> . expr_arit MAS termino
    (32) expr_arit -> . expr_arit MENOS termino
    (33) expr_arit -> . termino
    (34) termino -> . termino POR factor
    (35) termino -> . termino ENTRE factor
    (36) termino -> . factor
    (37) factor -> . NUMERO
    (38) factor -> . LITERAL_CADENA
    (39) factor -> . VERDADERO
    (40) factor -> . FALSO
    (41) factor -> . ID
    (42) factor -> . PAR_IZQ expr PAR_DER
    (43) factor -> . MENOS factor

    NO              shift and go to state 28
    NUMERO          shift and go to state 34
    LITERAL_CADENA  shift and go to state 35
    VERDADERO       shift and go to state 36
    FALSO           shift and go to state 37
    ID              shift and go to state 24
    PAR_IZQ         shift and go to state 38
    MENOS           shift and go to state 32

    expr_no                        shift and go to state 46
    expr_rel                       shift and go to state 29
    expr_arit                      shift and go to state 30
    termino                        shift and go to state 31
    factor                         shift and go to state 33

state 29

    (23) expr_no -> expr_rel .

    Y               reduce using rule 23 (expr_no -> expr_rel .)
    PUNTOCOM        reduce using rule 23 (expr_no -> expr_rel .)
    O               reduce using rule 23 (expr_no -> expr_rel .)
    PAR_DER         reduce using rule 23 (expr_no -> expr_rel .)


state 30

    (24) expr_rel -> expr_arit . MAYOR expr_arit
    (25) expr_rel -> expr_arit . MENOR expr_arit
    (26) expr_rel -> expr_arit . MAYOR_IG expr_arit
    (27) expr_rel -> expr_arit . MENOR_IG expr_arit
    (28) expr_rel -> expr_arit . IGUAL expr_arit
    (29) expr_rel -> expr_arit . DISTINTO expr_arit
    (30) expr_rel -> expr_arit .
    (31) expr_arit -> expr_arit . MAS termino
    (32) expr_arit -> expr_arit . MENOS termino

    MAYOR           shift and go to state 47
    MENOR           shift and go to state 48
    MAYOR_IG        shift and go to state 49
    MENOR_IG        shift and go to state 50
    IGUAL           shift and go to state 51
    DISTINTO        shift and go to state 52
    Y               reduce using rule 30 (expr_rel -> expr_arit .)
    PUNTOCOM        reduce using rule 30 (expr_rel -> expr_arit .)
    O               reduce using rule 30 (expr_rel -> expr_arit .)
    PAR_DER         reduce using rule 30 (expr_rel -> expr_arit .)
    MAS             shift and go to state 53
    MENOS           shift and go to state 54


state 31

    (33) expr_arit -> termino .
    (34) termino -> termino . POR factor
    (35) termino -> termino . ENTRE factor

    MAYOR           reduce using rule 33 (expr_arit -> termino .)
    MENOR           reduce using rule 33 (expr_arit -> termino .)
    MAYOR_IG        reduce using rule 33 (expr_arit -> termino .)
    MENOR_IG        reduce using rule 33 (expr_arit -> termino .)
    IGUAL           reduce using rule 33 (expr_arit -> termino .)
    DISTINTO        reduce using rule 33 (expr_arit -> termino .)
    MAS             reduce using rule 33 (expr_arit -> termino .)
    MENOS           reduce using rule 33 (expr_arit -> termino .)
    Y               reduce using rule 33 (expr_arit -> termino .)
    PUNTOCOM        reduce using rule 33 (expr_arit -> termino .)
    O               reduce using rule 33 (expr_arit -> termino .)
    PAR_DER         reduce using rule 33 (expr_arit -> termino .)
    POR             shift and go to state 55
    ENTRE           shift and go to state 56


state 32

    (43) factor -> MENOS . factor
    (37) factor -> . NUMERO
    (38) factor -> . LITERAL_CADENA
    (39) factor -> . VERDADERO
    (40) factor -> . FALSO
    (41) factor -> . ID
    (42) factor -> . PAR_IZQ expr PAR_DER
    (43) factor -> . MENOS factor

    NUMERO          shift and go to state 34
    LITERAL_CADENA  shift and go to state 35
    VERDADERO       shift and go to state 36
    FALSO           shift and go to state 37
    ID              shift and go to state 24
    PAR_IZQ         shift and go to state 38
    MENOS           shift and go to state 32

    factor                         shift and go to state 57

state 33

    (36) termino -> factor .

    POR             reduce using rule 36 (termino -> factor .)
    ENTRE           reduce using rule 36 (termino -> factor .)
    MAYOR           reduce using rule 36 (termino -> factor .)
    MENOR           reduce using rule 36 (termino -> factor .)
    MAYOR_IG        reduce using rule 36 (termino -> factor .)
    MENOR_IG        reduce using rule 36 (termino -> factor .)
    IGUAL           reduce using rule 36 (termino -> factor .)
    DISTINTO        reduce using rule 36 (termino -> factor .)
    MAS             reduce using rule 36 (termino -> factor .)
    MENOS           reduce using rule 36 (termino -> factor .)
    Y               reduce using rule 36 (termino -> factor .)
    PUNTOCOM        reduce using rule 36 (termino -> factor .)
    O               reduce using rule 36 (termino -> factor .)
    PAR_DER         reduce using rule 36 (termino -> factor .)


state 34

    (37) factor -> NUMERO .

    POR             reduce using rule 37 (factor -> NUMERO .)
    ENTRE           reduce using rule 37 (factor -> NUMERO .)
    MAYOR           reduce using rule 37 (factor -> NUMERO .)
    MENOR           reduce using rule 37 (factor -> NUMERO .)
    MAYOR_IG        reduce using rule 37 (factor -> NUMERO .)
    MENOR_IG        reduce using rule 37 (factor -> NUMERO .)
    IGUAL           reduce using rule 37 (factor -> NUMERO .)
    DISTINTO        reduce using rule 37 (factor -> NUMERO .)
    MAS             reduce using rule 37 (factor -> NUMERO .)
    MENOS           reduce using rule 37 (factor -> NUMERO .)
    Y               reduce using rule 37 (factor -> NUMERO .)
    PUNTOCOM        reduce using rule 37 (factor -> NUMERO .)
    O               reduce using rule 37 (factor -> NUMERO .)
    PAR_DER         reduce using rule 37 (factor -> NUMERO .)


state 35

    (38) factor -> LITERAL_CADENA .

    POR             reduce using rule 38 (factor -> LITERAL_CADENA .)
    ENTRE           reduce using rule 38 (factor -> LITERAL_CADENA .)
    MAYOR           reduce using rule 38 (factor -> LITERAL_CADENA .)
    MENOR           reduce using rule 38 (factor -> LITERAL_CADENA .)
    MAYOR_IG        reduce using rule 38 (factor -> LITERAL_CADENA .)
    MENOR_IG        reduce using rule 38 (factor -> LITERAL_CADENA .)
    IGUAL           reduce using rule 38 (factor -> LITERAL_CADENA .)
    DISTINTO        reduce using rule 38 (factor -> LITERAL_CADENA .)
    MAS             reduce using rule 38 (factor -> LITERAL_CADENA .)
    MENOS           reduce using rule 38 (factor -> LITERAL_CADENA .)
    Y               reduce using rule 38 (factor -> LITERAL_CADENA .)
    PUNTOCOM        reduce using rule 38 (factor -> LITERAL_CADENA .)
    O               reduce using rule 38 (factor -> LITERAL_CADENA .)
    PAR_DER         reduce using rule 38 (factor -> LITERAL_CADENA .)


state 36

    (39) factor -> VERDADERO .

    POR             reduce using rule 39 (factor -> VERDADERO .)
    ENTRE           reduce using rule 39 (factor -> VERDADERO .)
    MAYOR           reduce using rule 39 (factor -> VERDADERO .)
    MENOR           reduce using rule 39 (factor -> VERDADERO .)
    MAYOR_IG        reduce using rule 39 (factor -> VERDADERO .)
    MENOR_IG        reduce using rule 39 (factor -> VERDADERO .)
    IGUAL           reduce using rule 39 (factor -> VERDADERO .)
    DISTINTO        reduce using rule 39 (factor -> VERDADERO .)
    MAS             reduce using rule 39 (factor -> VERDADERO .)
    MENOS           reduce using rule 39 (factor -> VERDADERO .)
    Y               reduce using rule 39 (factor -> VERDADERO .)
    PUNTOCOM        reduce using rule 39 (factor -> VERDADERO .)
    O               reduce using rule 39 (factor -> VERDADERO .)
    PAR_DER         reduce using rule 39 (factor -> VERDADERO .)


state 37

    (40) factor -> FALSO .

    POR             reduce using rule 40 (factor -> FALSO .)
    ENTRE           reduce using rule 40 (factor -> FALSO .)
    MAYOR           reduce using rule 40 (factor -> FALSO .)
    MENOR           reduce using rule 40 (factor -> FALSO .)
    MAYOR_IG        reduce using rule 40 (factor -> FALSO .)
    MENOR_IG        reduce using rule 40 (factor -> FALSO .)
    IGUAL           reduce using rule 40 (factor -> FALSO .)
    DISTINTO        reduce using rule 40 (factor -> FALSO .)
    MAS             reduce using rule 40 (factor -> FALSO .)
    MENOS           reduce using rule 40 (factor -> FALSO .)
    Y               reduce using rule 40 (factor -> FALSO .)
    PUNTOCOM        reduce using rule 40 (factor -> FALSO .)
    O               reduce using rule 40 (factor -> FALSO .)
    PAR_DER         reduce using rule 40 (factor -> FALSO .)


state 38

    (42) factor -> PAR_IZQ . expr PAR_DER
    (18) expr -> . expr O expr_y
    (19) expr -> . expr_y
    (20) expr_y -> . expr_y Y expr_no
    (21) expr_y -> . expr_no
    (22) expr_no -> . NO expr_no
    (23) expr_no -> . expr_rel
    (24) expr_rel -> . expr_arit MAYOR expr_arit
    (25) expr_rel -> . expr_arit MENOR expr_arit
    (26) expr_rel -> . expr_arit MAYOR_IG expr_arit
    (27) expr_rel -> . expr_arit MENOR_IG expr_arit
    (28) expr_rel -> . expr_arit IGUAL expr_arit
    (29) expr_rel -> . expr_arit DISTINTO expr_arit
    (30) expr_rel -> . expr_arit
    (31) expr_arit -> . expr_arit MAS termino
    (32) expr_arit -> . expr_arit MENOS termino
    (33) expr_arit -> . termino
    (34) termino -> . termino POR factor
    (35) termino -> . termino ENTRE factor
    (36) termino -> . factor
    (37) factor -> . NUMERO
    (38) factor -> . LITERAL_CADENA
    (39) factor -> . VERDADERO
    (40) factor -> . FALSO
    (41) factor -> . ID
    (42) factor -> . PAR_IZQ expr PAR_DER
    (43) factor -> . MENOS factor

    NO              shift and go to state 28
    NUMERO          shift and go to state 34
    LITERAL_CADENA  shift and go to state 35
    VERDADERO       shift and go to state 36
    FALSO           shift and go to state 37
    ID              shift and go to state 24
    PAR_IZQ         shift and go to state 38
    MENOS           shift and go to state 32

    expr                           shift and go to state 58
    expr_y                         shift and go to state 26
    expr_no                        shift and go to state 27
    expr_rel                       shift and go to state 29
    expr_arit                      shift and go to state 30
    termino                        shift and go to state 31
    factor                         shift and go to state 33

state 39

    (14) mostrar_stmt -> MOSTRAR PAR_IZQ expr . PAR_DER PUNTOCOM
    (18) expr -> expr . O expr_y

    PAR_DER         shift and go to state 59
    O               shift and go to state 44


state 40

    (15) leer_stmt -> LEER PAR_IZQ ID . PAR_DER PUNTOCOM

    PAR_DER         shift and go to state 60


state 41

    (16) si_stmt -> SI PAR_IZQ expr . PAR_DER LLA_IZQ lista_sentencias LLA_DER SINO LLA_IZQ lista_sentencias LLA_DER
    (17) si_stmt -> SI PAR_IZQ expr . PAR_DER LLA_IZQ lista_sentencias LLA_DER
    (18) expr -> expr . O expr_y

    PAR_DER         shift and go to state 61
    O               shift and go to state 44


state 42

    (9) declaracion -> tipo ID ASIGNAR expr . PUNTOCOM
    (18) expr -> expr . O expr_y

    PUNTOCOM        shift and go to state 62
    O               shift and go to state 44


state 43

    (13) asignacion -> ID ASIGNAR expr PUNTOCOM .

    ID              reduce using rule 13 (asignacion -> ID ASIGNAR expr PUNTOCOM .)
    MOSTRAR         reduce using rule 13 (asignacion -> ID ASIGNAR expr PUNTOCOM .)
    LEER            reduce using rule 13 (asignacion -> ID ASIGNAR expr PUNTOCOM .)
    SI              reduce using rule 13 (asignacion -> ID ASIGNAR expr PUNTOCOM .)
    ENTERO          reduce using rule 13 (asignacion -> ID ASIGNAR expr PUNTOCOM .)
    CADENA_TIPO     reduce using rule 13 (asignacion -> ID ASIGNAR expr PUNTOCOM .)
    LOGICO_TIPO     reduce using rule 13 (asignacion -> ID ASIGNAR expr PUNTOCOM .)
    $end            reduce using rule 13 (asignacion -> ID ASIGNAR expr PUNTOCOM .)
    LLA_DER         reduce using rule 13 (asignacion -> ID ASIGNAR expr PUNTOCOM .)


state 44

    (18) expr -> expr O . expr_y
    (20) expr_y -> . expr_y Y expr_no
    (21) expr_y -> . expr_no
    (22) expr_no -> . NO expr_no
    (23) expr_no -> . expr_rel
    (24) expr_rel -> . expr_arit MAYOR expr_arit
    (25) expr_rel -> . expr_arit MENOR expr_arit
    (26) expr_rel -> . expr_arit MAYOR_IG expr_arit
    (27) expr_rel -> . expr_arit MENOR_IG expr_arit
    (28) expr_rel -> . expr_arit IGUAL expr_arit
    (29) expr_rel -> . expr_arit DISTINTO expr_arit
    (30) expr_rel -> . expr_arit
    (31) expr_arit -> . expr_arit MAS termino
    (32) expr_arit -> . expr_arit MENOS termino
    (33) expr_arit -> . termino
    (34) termino -> . termino POR factor
    (35) termino -> . termino ENTRE factor
    (36) termino -> . factor
    (37) factor -> . NUMERO
    (38) factor -> . LITERAL_CADENA
    (39) factor -> . VERDADERO
    (40) factor -> . FALSO
    (41) factor -> . ID
    (42) factor -> . PAR_IZQ expr PAR_DER
    (43) factor -> . MENOS factor

    NO              shift and go to state 28
    NUMERO          shift and go to state 34
    LITERAL_CADENA  shift and go to state 35
    VERDADERO       shift and go to state 36
    FALSO           shift and go to state 37
    ID              shift and go to state 24
    PAR_IZQ         shift and go to state 38
    MENOS           shift and go to state 32

    expr_y                         shift and go to state 63
    expr_no                        shift and go to state 27
    expr_rel                       shift and go to state 29
    expr_arit                      shift and go to state 30
    termino                        shift and go to state 31
    factor                         shift and go to state 33

state 45

    (20) expr_y -> expr_y Y . expr_no
    (22) expr_no -> . NO expr_no
    (23) expr_no -> . expr_rel
    (24) expr_rel -> . expr_arit MAYOR expr_arit
    (25) expr_rel -> . expr_arit MENOR expr_arit
    (26) expr_rel -> . expr_arit MAYOR_IG expr_arit
    (27) expr_rel -> . expr_arit MENOR_IG expr_arit
    (28) expr_rel -> . expr_arit IGUAL expr_arit
    (29) expr_rel -> . expr_arit DISTINTO expr_arit
    (30) expr_rel -> . expr_arit
    (31) expr_arit -> . expr_arit MAS termino
    (32) expr_arit -> . expr_arit MENOS termino
    (33) expr_arit -> . termino
    (34) termino -> . termino POR factor
    (35) termino -> . termino ENTRE factor
    (36) termino -> . factor
    (37) factor -> . NUMERO
    (38) factor -> . LITERAL_CADENA
    (39) factor -> . VERDADERO
    (40) factor -> . FALSO
    (41) factor -> . ID
    (42) factor -> . PAR_IZQ expr PAR_DER
    (43) factor -> . MENOS factor

    NO              shift and go to state 28
    NUMERO          shift and go to state 34
    LITERAL_CADENA  shift and go to state 35
    VERDADERO       shift and go to state 36
    FALSO           shift and go to state 37
    ID              shift and go to state 24
    PAR_IZQ         shift and go to state 38
    MENOS           shift and go to state 32

    expr_no                        shift and go to state 64
    expr_rel                       shift and go to state 29
    expr_arit                      shift and go to state 30
    termino                        shift and go to state 31
    factor                         shift and go to state 33

state 46

    (22) expr_no -> NO expr_no .

    Y               reduce using rule 22 (expr_no -> NO expr_no .)
    PUNTOCOM        reduce using rule 22 (expr_no -> NO expr_no .)
    O               reduce using rule 22 (expr_no -> NO expr_no .)
    PAR_DER         reduce using rule 22 (expr_no -> NO expr_no .)


state 47

    (24) expr_rel -> expr_arit MAYOR . expr_arit
    (31) expr_arit -> . expr_arit MAS termino
    (32) expr_arit -> . expr_arit MENOS termino
    (33) expr_arit -> . termino
    (34) termino -> . termino POR factor
    (35) termino -> . termino ENTRE factor
    (36) termino -> . factor
    (37) factor -> . NUMERO
    (38) factor -> . LITERAL_CADENA
    (39) factor -> . VERDADERO
    (40) factor -> . FALSO
    (41) factor -> . ID
    (42) factor -> . PAR_IZQ expr PAR_DER
    (43) factor -> . MENOS factor

    NUMERO          shift and go to state 34
    LITERAL_CADENA  shift and go to state 35
    VERDADERO       shift and go to state 36
    FALSO           shift and go to state 37
    ID              shift and go to state 24
    PAR_IZQ         shift and go to state 38
    MENOS           shift and go to state 32

    expr_arit                      shift and go to state 65
    termino                        shift and go to state 31
    factor                         shift and go to state 33

state 48

    (25) expr_rel -> expr_arit MENOR . expr_arit
    (31) expr_arit -> . expr_arit MAS termino
    (32) expr_arit -> . expr_arit MENOS termino
    (33) expr_arit -> . termino
    (34) termino -> . termino POR factor
    (35) termino -> . termino ENTRE factor
    (36) termino -> . factor
    (37) factor -> . NUMERO
    (38) factor -> . LITERAL_CADENA
    (39) factor -> . VERDADERO
    (40) factor -> . FALSO
    (41) factor -> . ID
    (42) factor -> . PAR_IZQ expr PAR_DER
    (43) factor -> . MENOS factor

    NUMERO          shift and go to state 34
    LITERAL_CADENA  shift and go to state 35
    VERDADERO       shift and go to state 36
    FALSO           shift and go to state 37
    ID              shift and go to state 24
    PAR_IZQ         shift and go to state 38
    MENOS           shift and go to state 32

    expr_arit                      shift and go to state 66
    termino                        shift and go to state 31
    factor                         shift and go to state 33

state 49

    (26) expr_rel -> expr_arit MAYOR_IG . expr_arit
    (31) expr_arit -> . expr_arit MAS termino
    (32) expr_arit -> . expr_arit MENOS termino
    (33) expr_arit -> . termino
    (34) termino -> . termino POR factor
    (35) termino -> . termino ENTRE factor
    (36) termino -> . factor
    (37) factor -> . NUMERO
    (38) factor -> . LITERAL_CADENA
    (39) factor -> . VERDADERO
    (40) factor -> . FALSO
    (41) factor -> . ID
    (42) factor -> . PAR_IZQ expr PAR_DER
    (43) factor -> . MENOS factor

    NUMERO          shift and go to state 34
    LITERAL_CADENA  shift and go to state 35
    VERDADERO       shift and go to state 36
    FALSO           shift and go to state 37
    ID              shift and go to state 24
    PAR_IZQ         shift and go to state 38
    MENOS           shift and go to state 32

    expr_arit                      shift and go to state 67
    termino                        shift and go to state 31
    factor                         shift and go to state 33

state 50

    (27) expr_rel -> expr_arit MENOR_IG . expr_arit
    (31) expr_arit -> . expr_arit MAS termino
    (32) expr_arit -> . expr_arit MENOS termino
    (33) expr_arit -> . termino
    (34) termino -> . termino POR factor
    (35) termino -> . termino ENTRE factor
    (36) termino -> . factor
    (37) factor -> . NUMERO
    (38) factor -> . LITERAL_CADENA
    (39) factor -> . VERDADERO
    (40) factor -> . FALSO
    (41) factor -> . ID
    (42) factor -> . PAR_IZQ expr PAR_DER
    (43) factor -> . MENOS factor

    NUMERO          shift and go to state 34
    LITERAL_CADENA  shift and go to state 35
    VERDADERO       shift and go to state 36
    FALSO           shift and go to state 37
    ID              shift and go to state 24
    PAR_IZQ         shift and go to state 38
    MENOS           shift and go to state 32

    expr_arit                      shift and go to state 68
    termino                        shift and go to state 31
    factor                         shift and go to state 33

state 51

    (28) expr_rel -> expr_arit IGUAL . expr_arit
    (31) expr_arit -> . expr_arit MAS termino
    (32) expr_arit -> . expr_arit MENOS termino
    (33) expr_arit -> . termino
    (34) termino -> . termino POR factor
    (35) termino -> . termino ENTRE factor
    (36) termino -> . factor
    (37) factor -> . NUMERO
    (38) factor -> . LITERAL_CADENA
    (39) factor -> . VERDADERO
    (40) factor -> . FALSO
    (41) factor -> . ID
    (42) factor -> . PAR_IZQ expr PAR_DER
    (43) factor -> . MENOS factor

    NUMERO          shift and go to state 34
    LITERAL_CADENA  shift and go to state 35
    VERDADERO       shift and go to state 36
    FALSO           shift and go to state 37
    ID              shift and go to state 24
    PAR_IZQ         shift and go to state 38
    MENOS           shift and go to state 32

    expr_arit                      shift and go to state 69
    termino                        shift and go to state 31
    factor                         shift and go to state 33

state 52

    (29) expr_rel -> expr_arit DISTINTO . expr_arit
    (31) expr_arit -> . expr_arit MAS termino
    (32) expr_arit -> . expr_arit MENOS termino
    (33) expr_arit -> . termino
    (34) termino -> . termino POR factor
    (35) termino -> . termino ENTRE factor
    (36) termino -> . factor
    (37) factor -> . NUMERO
    (38) factor -> . LITERAL_CADENA
    (39) factor -> . VERDADERO
    (40) factor -> . FALSO
    (41) factor -> . ID
    (42) factor -> . PAR_IZQ expr PAR_DER
    (43) factor -> . MENOS factor

    NUMERO          shift and go to state 34
    LITERAL_CADENA  shift and go to state 35
    VERDADERO       shift and go to state 36
    FALSO           shift and go to state 37
    ID              shift and go to state 24
    PAR_IZQ         shift and go to state 38
    MENOS           shift and go to state 32

    expr_arit                      shift and go to state 70
    termino                        shift and go to state 31
    factor                         shift and go to state 33

state 53

    (31) expr_arit -> expr_arit MAS . termino
    (34) termino -> . termino POR factor
    (35) termino -> . termino ENTRE factor
    (36) termino -> . factor
    (37) factor -> . NUMERO
    (38) factor -> . LITERAL_CADENA
    (39) factor -> . VERDADERO
    (40) factor -> . FALSO
    (41) factor -> . ID
    (42) factor -> . PAR_IZQ expr PAR_DER
    (43) factor -> . MENOS factor

    NUMERO          shift and go to state 34
    LITERAL_CADENA  shift and go to state 35
    VERDADERO       shift and go to state 36
    FALSO           shift and go to state 37
    ID              shift and go to state 24
    PAR_IZQ         shift and go to state 38
    MENOS           shift and go to state 32

    termino                        shift and go to state 71
    factor                         shift and go to state 33

state 54

    (32) expr_arit -> expr_arit MENOS . termino
    (34) termino -> . termino POR factor
    (35) termino -> . termino ENTRE factor
    (36) termino -> . factor
    (37) factor -> . NUMERO
    (38) factor -> . LITERAL_CADENA
    (39) factor -> . VERDADERO
    (40) factor -> . FALSO
    (41) factor -> . ID
    (42) factor -> . PAR_IZQ expr PAR_DER
    (43) factor -> . MENOS factor

    NUMERO          shift and go to state 34
    LITERAL_CADENA  shift and go to state 35
    VERDADERO       shift and go to state 36
    FALSO           shift and go to state 37
    ID              shift and go to state 24
    PAR_IZQ         shift and go to state 38
    MENOS           shift and go to state 32

    termino                        shift and go to state 72
    factor                         shift and go to state 33

state 55

    (34) termino -> termino POR . factor
    (37) factor -> . NUMERO
    (38) factor -> . LITERAL_CADENA
    (39) factor -> . VERDADERO
    (40) factor -> . FALSO
    (41) factor -> . ID
    (42) factor -> . PAR_IZQ expr PAR_DER
    (43) factor -> . MENOS factor

    NUMERO          shift and go to state 34
    LITERAL_CADENA  shift and go to state 35
    VERDADERO       shift and go to state 36
    FALSO           shift and go to state 37
    ID              shift and go to state 24
    PAR_IZQ         shift and go to state 38
    MENOS           shift and go to state 32

    factor                         shift and go to state 73

state 56

    (35) termino -> termino ENTRE . factor
    (37) factor -> . NUMERO
    (38) factor -> . LITERAL_CADENA
    (39) factor -> . VERDADERO
    (40) factor -> . FALSO
    (41) factor -> . ID
    (42) factor -> . PAR_IZQ expr PAR_DER
    (43) factor -> . MENOS factor

    NUMERO          shift and go to state 34
    LITERAL_CADENA  shift and go to state 35
    VERDADERO       shift and go to state 36
    FALSO           shift and go to state 37
    ID              shift and go to state 24
    PAR_IZQ         shift and go to state 38
    MENOS           shift and go to state 32

    factor                         shift and go to state 74

state 57

    (43) factor -> MENOS factor .

    POR             reduce using rule 43 (factor -> MENOS factor .)
    ENTRE           reduce using rule 43 (factor -> MENOS factor .)
    MAYOR           reduce using rule 43 (factor -> MENOS factor .)
    MENOR           reduce using rule 43 (factor -> MENOS factor .)
    MAYOR_IG        reduce using rule 43 (factor -> MENOS factor .)
    MENOR_IG        reduce using rule 43 (factor -> MENOS factor .)
    IGUAL           reduce using rule 43 (factor -> MENOS factor .)
    DISTINTO        reduce using rule 43 (factor -> MENOS factor .)
    MAS             reduce using rule 43 (factor -> MENOS factor .)
    MENOS           reduce using rule 43 (factor -> MENOS factor .)
    Y               reduce using rule 43 (factor -> MENOS factor .)
    PUNTOCOM        reduce using rule 43 (factor -> MENOS factor .)
    O               reduce using rule 43 (factor -> MENOS factor .)
    PAR_DER         reduce using rule 43 (factor -> MENOS factor .)


state 58

    (42) factor -> PAR_IZQ expr . PAR_DER
    (18) expr -> expr . O expr_y

    PAR_DER         shift and go to state 75
    O               shift and go to state 44


state 59

    (14) mostrar_stmt -> MOSTRAR PAR_IZQ expr PAR_DER . PUNTOCOM

    PUNTOCOM        shift and go to state 76


state 60

    (15) leer_stmt -> LEER PAR_IZQ ID PAR_DER . PUNTOCOM

    PUNTOCOM        shift and go to state 77


state 61

    (16) si_stmt -> SI PAR_IZQ expr PAR_DER . LLA_IZQ lista_sentencias LLA_DER SINO LLA_IZQ lista_sentencias LLA_DER
    (17) si_stmt -> SI PAR_IZQ expr PAR_DER . LLA_IZQ lista_sentencias LLA_DER

    LLA_IZQ         shift and go to state 78


state 62

    (9) declaracion -> tipo ID ASIGNAR expr PUNTOCOM .

    ID              reduce using rule 9 (declaracion -> tipo ID ASIGNAR expr PUNTOCOM .)
    MOSTRAR         reduce using rule 9 (declaracion -> tipo ID ASIGNAR expr PUNTOCOM .)
    LEER            reduce using rule 9 (declaracion -> tipo ID ASIGNAR expr PUNTOCOM .)
    SI              reduce using rule 9 (declaracion -> tipo ID ASIGNAR expr PUNTOCOM .)
    ENTERO          reduce using rule 9 (declaracion -> tipo ID ASIGNAR expr PUNTOCOM .)
    CADENA_TIPO     reduce using rule 9 (declaracion -> tipo ID ASIGNAR expr PUNTOCOM .)
    LOGICO_TIPO     reduce using rule 9 (declaracion -> tipo ID ASIGNAR expr PUNTOCOM .)
    $end            reduce using rule 9 (declaracion -> tipo ID ASIGNAR expr PUNTOCOM .)
    LLA_DER         reduce using rule 9 (declaracion -> tipo ID ASIGNAR expr PUNTOCOM .)


state 63

    (18) expr -> expr O expr_y .
    (20) expr_y -> expr_y . Y expr_no

    PUNTOCOM        reduce using rule 18 (expr -> expr O expr_y .)
    O               reduce using rule 18 (expr -> expr O expr_y .)
    PAR_DER         reduce using rule 18 (expr -> expr O expr_y .)
    Y               shift and go to state 45


state 64

    (20) expr_y -> expr_y Y expr_no .

    Y               reduce using rule 20 (expr_y -> expr_y Y expr_no .)
    PUNTOCOM        reduce using rule 20 (expr_y -> expr_y Y expr_no .)
    O               reduce using rule 20 (expr_y -> expr_y Y expr_no .)
    PAR_DER         reduce using rule 20 (expr_y -> expr_y Y expr_no .)


state 65

    (24) expr_rel -> expr_arit MAYOR expr_arit .
    (31) expr_arit -> expr_arit . MAS termino
    (32) expr_arit -> expr_arit . MENOS termino

    Y               reduce using rule 24 (expr_rel -> expr_arit MAYOR expr_arit .)
    PUNTOCOM        reduce using rule 24 (expr_rel -> expr_arit MAYOR expr_arit .)
    O               reduce using rule 24 (expr_rel -> expr_arit MAYOR expr_arit .)
    PAR_DER         reduce using rule 24 (expr_rel -> expr_arit MAYOR expr_arit .)
    MAS             shift and go to state 53
    MENOS           shift and go to state 54


state 66

    (25) expr_rel -> expr_arit MENOR expr_arit .
    (31) expr_arit -> expr_arit . MAS termino
    (32) expr_arit -> expr_arit . MENOS termino

    Y               reduce using rule 25 (expr_rel -> expr_arit MENOR expr_arit .)
    PUNTOCOM        reduce using rule 25 (expr_rel -> expr_arit MENOR expr_arit .)
    O               reduce using rule 25 (expr_rel -> expr_arit MENOR expr_arit .)
    PAR_DER         reduce using rule 25 (expr_rel -> expr_arit MENOR expr_arit .)
    MAS             shift and go to state 53
    MENOS           shift and go to state 54


state 67

    (26) expr_rel -> expr_arit MAYOR_IG expr_arit .
    (31) expr_arit -> expr_arit . MAS termino
    (32) expr_arit -> expr_arit . MENOS termino

    Y               reduce using rule 26 (expr_rel -> expr_arit MAYOR_IG expr_arit .)
    PUNTOCOM        reduce using rule 26 (expr_rel -> expr_arit MAYOR_IG expr_arit .)
    O               reduce using rule 26 (expr_rel -> expr_arit MAYOR_IG expr_arit .)
    PAR_DER         reduce using rule 26 (expr_rel -> expr_arit MAYOR_IG expr_arit .)
    MAS             shift and go to state 53
    MENOS           shift and go to state 54


state 68

    (27) expr_rel -> expr_arit MENOR_IG expr_arit .
    (31) expr_arit -> expr_arit . MAS termino
    (32) expr_arit -> expr_arit . MENOS termino

    Y               reduce using rule 27 (expr_rel -> expr_arit MENOR_IG expr_arit .)
    PUNTOCOM        reduce using rule 27 (expr_rel -> expr_arit MENOR_IG expr_arit .)
    O               reduce using rule 27 (expr_rel -> expr_arit MENOR_IG expr_arit .)
    PAR_DER         reduce using rule 27 (expr_rel -> expr_arit MENOR_IG expr_arit .)
    MAS             shift and go to state 53
    MENOS           shift and go to state 54


state 69

    (28) expr_rel -> expr_arit IGUAL expr_arit .
    (31) expr_arit -> expr_arit . MAS termino
    (32) expr_arit -> expr_arit . MENOS termino

    Y               reduce using rule 28 (expr_rel -> expr_arit IGUAL expr_arit .)
    PUNTOCOM        reduce using rule 28 (expr_rel -> expr_arit IGUAL expr_arit .)
    O               reduce using rule 28 (expr_rel -> expr_arit IGUAL expr_arit .)
    PAR_DER         reduce using rule 28 (expr_rel -> expr_arit IGUAL expr_arit .)
    MAS             shift and go to state 53
    MENOS           shift and go to state 54


state 70

    (29) expr_rel -> expr_arit DISTINTO expr_arit .
    (31) expr_arit -> expr_arit . MAS termino
    (32) expr_arit -> expr_arit . MENOS termino

    Y               reduce using rule 29 (expr_rel -> expr_arit DISTINTO expr_arit .)
    PUNTOCOM        reduce using rule 29 (expr_rel -> expr_arit DISTINTO expr_arit .)
    O               reduce using rule 29 (expr_rel -> expr_arit DISTINTO expr_arit .)
    PAR_DER         reduce using rule 29 (expr_rel -> expr_arit DISTINTO expr_arit .)
    MAS             shift and go to state 53
    MENOS           shift and go to state 54


state 71

    (31) expr_arit -> expr_arit MAS termino .
    (34) termino -> termino . POR factor
    (35) termino -> termino . ENTRE factor

    MAYOR           reduce using rule 31 (expr_arit -> expr_arit MAS termino .)
    MENOR           reduce using rule 31 (expr_arit -> expr_arit MAS termino .)
    MAYOR_IG        reduce using rule 31 (expr_arit -> expr_arit MAS termino .)
    MENOR_IG        reduce using rule 31 (expr_arit -> expr_arit MAS termino .)
    IGUAL           reduce using rule 31 (expr_arit -> expr_arit MAS termino .)
    DISTINTO        reduce using rule 31 (expr_arit -> expr_arit MAS termino .)
    MAS             reduce using rule 31 (expr_arit -> expr_arit MAS termino .)
    MENOS           reduce using rule 31 (expr_arit -> expr_arit MAS termino .)
    Y               reduce using rule 31 (expr_arit -> expr_arit MAS termino .)
    PUNTOCOM        reduce using rule 31 (expr_arit -> expr_arit MAS termino .)
    O               reduce using rule 31 (expr_arit -> expr_arit MAS termino .)
    PAR_DER         reduce using rule 31 (expr_arit -> expr_arit MAS termino .)
    POR             shift and go to state 55
    ENTRE           shift and go to state 56


state 72

    (32) expr_arit -> expr_arit MENOS termino .
    (34) termino -> termino . POR factor
    (35) termino -> termino . ENTRE factor

    MAYOR           reduce using rule 32 (expr_arit -> expr_arit MENOS termino .)
    MENOR           reduce using rule 32 (expr_arit -> expr_arit MENOS termino .)
    MAYOR_IG        reduce using rule 32 (expr_arit -> expr_arit MENOS termino .)
    MENOR_IG        reduce using rule 32 (expr_arit -> expr_arit MENOS termino .)
    IGUAL           reduce using rule 32 (expr_arit -> expr_arit MENOS termino .)
    DISTINTO        reduce using rule 32 (expr_arit -> expr_arit MENOS termino .)
    MAS             reduce using rule 32 (expr_arit -> expr_arit MENOS termino .)
    MENOS           reduce using rule 32 (expr_arit -> expr_arit MENOS termino .)
    Y               reduce using rule 32 (expr_arit -> expr_arit MENOS termino .)
    PUNTOCOM        reduce using rule 32 (expr_arit -> expr_arit MENOS termino .)
    O               reduce using rule 32 (expr_arit -> expr_arit MENOS termino .)
    PAR_DER         reduce using rule 32 (expr_arit -> expr_arit MENOS termino .)
    POR             shift and go to state 55
    ENTRE           shift and go to state 56


state 73

    (34) termino -> termino POR factor .

    POR             reduce using rule 34 (termino -> termino POR factor .)
    ENTRE           reduce using rule 34 (termino -> termino POR factor .)
    MAYOR           reduce using rule 34 (termino -> termino POR factor .)
    MENOR           reduce using rule 34 (termino -> termino POR factor .)
    MAYOR_IG        reduce using rule 34 (termino -> termino POR factor .)
    MENOR_IG        reduce using rule 34 (termino -> termino POR factor .)
    IGUAL           reduce using rule 34 (termino -> termino POR factor .)
    DISTINTO        reduce using rule 34 (termino -> termino POR factor .)
    MAS             reduce using rule 34 (termino -> termino POR factor .)
    MENOS           reduce using rule 34 (termino -> termino POR factor .)
    Y               reduce using rule 34 (termino -> termino POR factor .)
    PUNTOCOM        reduce using rule 34 (termino -> termino POR factor .)
    O               reduce using rule 34 (termino -> termino POR factor .)
    PAR_DER         reduce using rule 34 (termino -> termino POR factor .)


state 74

    (35) termino -> termino ENTRE factor .

    POR             reduce using rule 35 (termino -> termino ENTRE factor .)
    ENTRE           reduce using rule 35 (termino -> termino ENTRE factor .)
    MAYOR           reduce using rule 35 (termino -> termino ENTRE factor .)
    MENOR           reduce using rule 35 (termino -> termino ENTRE factor .)
    MAYOR_IG        reduce using rule 35 (termino -> termino ENTRE factor .)
    MENOR_IG        reduce using rule 35 (termino -> termino ENTRE factor .)
    IGUAL           reduce using rule 35 (termino -> termino ENTRE factor .)
    DISTINTO        reduce using rule 35 (termino -> termino ENTRE factor .)
    MAS             reduce using rule 35 (termino -> termino ENTRE factor .)
    MENOS           reduce using rule 35 (termino -> termino ENTRE factor .)
    Y               reduce using rule 35 (termino -> termino ENTRE factor .)
    PUNTOCOM        reduce using rule 35 (termino -> termino ENTRE factor .)
    O               reduce using rule 35 (termino -> termino ENTRE factor .)
    PAR_DER         reduce using rule 35 (termino -> termino ENTRE factor .)


state 75

    (42) factor -> PAR_IZQ expr PAR_DER .

    POR             reduce using rule 42 (factor -> PAR_IZQ expr PAR_DER .)
    ENTRE           reduce using rule 42 (factor -> PAR_IZQ expr PAR_DER .)
    MAYOR           reduce using rule 42 (factor -> PAR_IZQ expr PAR_DER .)
    MENOR           reduce using rule 42 (factor -> PAR_IZQ expr PAR_DER .)
    MAYOR_IG        reduce using rule 42 (factor -> PAR_IZQ expr PAR_DER .)
    MENOR_IG        reduce using rule 42 (factor -> PAR_IZQ expr PAR_DER .)
    IGUAL           reduce using rule 42 (factor -> PAR_IZQ expr PAR_DER .)
    DISTINTO        reduce using rule 42 (factor -> PAR_IZQ expr PAR_DER .)
    MAS             reduce using rule 42 (factor -> PAR_IZQ expr PAR_DER .)
    MENOS           reduce using rule 42 (factor -> PAR_IZQ expr PAR_DER .)
    Y               reduce using rule 42 (factor -> PAR_IZQ expr PAR_DER .)
    PUNTOCOM        reduce using rule 42 (factor -> PAR_IZQ expr PAR_DER .)
    O               reduce using rule 42 (factor -> PAR_IZQ expr PAR_DER .)
    PAR_DER         reduce using rule 42 (factor -> PAR_IZQ expr PAR_DER .)


state 76

    (14) mostrar_stmt -> MOSTRAR PAR_IZQ expr PAR_DER PUNTOCOM .

    ID              reduce using rule 14 (mostrar_stmt -> MOSTRAR PAR_IZQ expr PAR_DER PUNTOCOM .)
    MOSTRAR         reduce using rule 14 (mostrar_stmt -> MOSTRAR PAR_IZQ expr PAR_DER PUNTOCOM .)
    LEER            reduce using rule 14 (mostrar_stmt -> MOSTRAR PAR_IZQ expr PAR_DER PUNTOCOM .)
    SI              reduce using rule 14 (mostrar_stmt -> MOSTRAR PAR_IZQ expr PAR_DER PUNTOCOM .)
    ENTERO          reduce using rule 14 (mostrar_stmt -> MOSTRAR PAR_IZQ expr PAR_DER PUNTOCOM .)
    CADENA_TIPO     reduce using rule 14 (mostrar_stmt -> MOSTRAR PAR_IZQ expr PAR_DER PUNTOCOM .)
    LOGICO_TIPO     reduce using rule 14 (mostrar_stmt -> MOSTRAR PAR_IZQ expr PAR_DER PUNTOCOM .)
    $end            reduce using rule 14 (mostrar_stmt -> MOSTRAR PAR_IZQ expr PAR_DER PUNTOCOM .)
    LLA_DER         reduce using rule 14 (mostrar_stmt -> MOSTRAR PAR_IZQ expr PAR_DER PUNTOCOM .)


state 77

    (15) leer_stmt -> LEER PAR_IZQ ID PAR_DER PUNTOCOM .

    ID              reduce using rule 15 (leer_stmt -> LEER PAR_IZQ ID PAR_DER PUNTOCOM .)
    MOSTRAR         reduce using rule 15 (leer_stmt -> LEER PAR_IZQ ID PAR_DER PUNTOCOM .)
    LEER            reduce using rule 15 (leer_stmt -> LEER PAR_IZQ ID PAR_DER PUNTOCOM .)
    SI              reduce using rule 15 (leer_stmt -> LEER PAR_IZQ ID PAR_DER PUNTOCOM .)
    ENTERO          reduce using rule 15 (leer_stmt -> LEER PAR_IZQ ID PAR_DER PUNTOCOM .)
    CADENA_TIPO     reduce using rule 15 (leer_stmt -> LEER PAR_IZQ ID PAR_DER PUNTOCOM .)
    LOGICO_TIPO     reduce using rule 15 (leer_stmt -> LEER PAR_IZQ ID PAR_DER PUNTOCOM .)
    $end            reduce using rule 15 (leer_stmt -> LEER PAR_IZQ ID PAR_DER PUNTOCOM .)
    LLA_DER         reduce using rule 15 (leer_stmt -> LEER PAR_IZQ ID PAR_DER PUNTOCOM .)


state 78

    (16) si_stmt -> SI PAR_IZQ expr PAR_DER LLA_IZQ . lista_sentencias LLA_DER SINO LLA_IZQ lista_sentencias LLA_DER
    (17) si_stmt -> SI PAR_IZQ expr PAR_DER LLA_IZQ . lista_sentencias LLA_DER
    (2) lista_sentencias -> . lista_sentencias sentencia
    (3) lista_sentencias -> . sentencia
    (4) sentencia -> . declaracion
    (5) sentencia -> . asignacion
    (6) sentencia -> . mostrar_stmt
    (7) sentencia -> . leer_stmt
    (8) sentencia -> . si_stmt
    (9) declaracion -> . tipo ID ASIGNAR expr PUNTOCOM
    (13) asignacion -> . ID ASIGNAR expr PUNTOCOM
    (14) mostrar_stmt -> . MOSTRAR PAR_IZQ expr PAR_DER PUNTOCOM
    (15) leer_stmt -> . LEER PAR_IZQ ID PAR_DER PUNTOCOM
    (16) si_stmt -> . SI PAR_IZQ expr PAR_DER LLA_IZQ lista_sentencias LLA_DER SINO LLA_IZQ lista_sentencias LLA_DER
    (17) si_stmt -> . SI PAR_IZQ expr PAR_DER LLA_IZQ lista_sentencias LLA_DER
    (10) tipo -> . ENTERO
    (11) tipo -> . CADENA_TIPO
    (12) tipo -> . LOGICO_TIPO

    ID              shift and go to state 10
    MOSTRAR         shift and go to state 11
    LEER            shift and go to state 12
    SI              shift and go to state 13
    ENTERO          shift and go to state 14
    CADENA_TIPO     shift and go to state 15
    LOGICO_TIPO     shift and go to state 16

    lista_sentencias               shift and go to state 79
    sentencia                      shift and go to state 3
    declaracion                    shift and go to state 4
    asignacion                     shift and go to state 5
    mostrar_stmt                   shift and go to state 6
    leer_stmt                      shift and go to state 7
    si_stmt                        shift and go to state 8
    tipo                           shift and go to state 9

state 79

    (16) si_stmt -> SI PAR_IZQ expr PAR_DER LLA_IZQ lista_sentencias . LLA_DER SINO LLA_IZQ lista_sentencias LLA_DER
    (17) si_stmt -> SI PAR_IZQ expr PAR_DER LLA_IZQ lista_sentencias . LLA_DER
    (2) lista_sentencias -> lista_sentencias . sentencia
    (4) sentencia -> . declaracion
    (5) sentencia -> . asignacion
    (6) sentencia -> . mostrar_stmt
    (7) sentencia -> . leer_stmt
    (8) sentencia -> . si_stmt
    (9) declaracion -> . tipo ID ASIGNAR expr PUNTOCOM
    (13) asignacion -> . ID ASIGNAR expr PUNTOCOM
    (14) mostrar_stmt -> . MOSTRAR PAR_IZQ expr PAR_DER PUNTOCOM
    (15) leer_stmt -> . LEER PAR_IZQ ID PAR_DER PUNTOCOM
    (16) si_stmt -> . SI PAR_IZQ expr PAR_DER LLA_IZQ lista_sentencias LLA_DER SINO LLA_IZQ lista_sentencias LLA_DER
    (17) si_stmt -> . SI PAR_IZQ expr PAR_DER LLA_IZQ lista_sentencias LLA_DER
    (10) tipo -> . ENTERO
    (11) tipo -> . CADENA_TIPO
    (12) tipo -> . LOGICO_TIPO

    LLA_DER         shift and go to state 80
    ID              shift and go to state 10
    MOSTRAR         shift and go to state 11
    LEER            shift and go to state 12
    SI              shift and go to state 13
    ENTERO          shift and go to state 14
    CADENA_TIPO     shift and go to state 15
    LOGICO_TIPO     shift and go to state 16

    sentencia                      shift and go to state 17
    declaracion                    shift and go to state 4
    asignacion                     shift and go to state 5
    mostrar_stmt                   shift and go to state 6
    leer_stmt                      shift and go to state 7
    si_stmt                        shift and go to state 8
    tipo                           shift and go to state 9

state 80

    (16) si_stmt -> SI PAR_IZQ expr PAR_DER LLA_IZQ lista_sentencias LLA_DER . SINO LLA_IZQ lista_sentencias LLA_DER
    (17) si_stmt -> SI PAR_IZQ expr PAR_DER LLA_IZQ lista_sentencias LLA_DER .

    SINO            shift and go to state 81
    ID              reduce using rule 17 (si_stmt -> SI PAR_IZQ expr PAR_DER LLA_IZQ lista_sentencias LLA_DER .)
    MOSTRAR         reduce using rule 17 (si_stmt -> SI PAR_IZQ expr PAR_DER LLA_IZQ lista_sentencias LLA_DER .)
    LEER            reduce using rule 17 (si_stmt -> SI PAR_IZQ expr PAR_DER LLA_IZQ lista_sentencias LLA_DER .)
    SI              reduce using rule 17 (si_stmt -> SI PAR_IZQ expr PAR_DER LLA_IZQ lista_sentencias LLA_DER .)
    ENTERO          reduce using rule 17 (si_stmt -> SI PAR_IZQ expr PAR_DER LLA_IZQ lista_sentencias LLA_DER .)
    CADENA_TIPO     reduce using rule 17 (si_stmt -> SI PAR_IZQ expr PAR_DER LLA_IZQ lista_sentencias LLA_DER .)
    LOGICO_TIPO     reduce using rule 17 (si_stmt -> SI PAR_IZQ expr PAR_DER LLA_IZQ lista_sentencias LLA_DER .)
    $end            reduce using rule 17 (si_stmt -> SI PAR_IZQ expr PAR_DER LLA_IZQ lista_sentencias LLA_DER .)
    LLA_DER         reduce using rule 17 (si_stmt -> SI PAR_IZQ expr PAR_DER LLA_IZQ lista_sentencias LLA_DER .)


state 81

    (16) si_stmt -> SI PAR_IZQ expr PAR_DER LLA_IZQ lista_sentencias LLA_DER SINO . LLA_IZQ lista_sentencias LLA_DER

    LLA_IZQ         shift and go to state 82


state 82

    (16) si_stmt -> SI PAR_IZQ expr PAR_DER LLA_IZQ lista_sentencias LLA_DER SINO LLA_IZQ . lista_sentencias LLA_DER
    (2) lista_sentencias -> . lista_sentencias sentencia
    (3) lista_sentencias -> . sentencia
    (4) sentencia -> . declaracion
    (5) sentencia -> . asignacion
    (6) sentencia -> . mostrar_stmt
    (7) sentencia -> . leer_stmt
    (8) sentencia -> . si_stmt
    (9) declaracion -> . tipo ID ASIGNAR expr PUNTOCOM
    (13) asignacion -> . ID ASIGNAR expr PUNTOCOM
    (14) mostrar_stmt -> . MOSTRAR PAR_IZQ expr PAR_DER PUNTOCOM
    (15) leer_stmt -> . LEER PAR_IZQ ID PAR_DER PUNTOCOM
    (16) si_stmt -> . SI PAR_IZQ expr PAR_DER LLA_IZQ lista_sentencias LLA_DER SINO LLA_IZQ lista_sentencias LLA_DER
    (17) si_stmt -> . SI PAR_IZQ expr PAR_DER LLA_IZQ lista_sentencias LLA_DER
    (10) tipo -> . ENTERO
    (11) tipo -> . CADENA_TIPO
    (12) tipo -> . LOGICO_TIPO

    ID              shift and go to state 10
    MOSTRAR         shift and go to state 11
    LEER            shift and go to state 12
    SI              shift and go to state 13
    ENTERO          shift and go to state 14
    CADENA_TIPO     shift and go to state 15
    LOGICO_TIPO     shift and go to state 16

    lista_sentencias               shift and go to state 83
    sentencia                      shift and go to state 3
    declaracion                    shift and go to state 4
    asignacion                     shift and go to state 5
    mostrar_stmt                   shift and go to state 6
    leer_stmt                      shift and go to state 7
    si_stmt                        shift and go to state 8
    tipo                           shift and go to state 9

state 83

    (16) si_stmt -> SI PAR_IZQ expr PAR_DER LLA_IZQ lista_sentencias LLA_DER SINO LLA_IZQ lista_sentencias . LLA_DER
    (2) lista_sentencias -> lista_sentencias . sentencia
    (4) sentencia -> . declaracion
    (5) sentencia -> . asignacion
    (6) sentencia -> . mostrar_stmt
    (7) sentencia -> . leer_stmt
    (8) sentencia -> . si_stmt
    (9) declaracion -> . tipo ID ASIGNAR expr PUNTOCOM
    (13) asignacion -> . ID ASIGNAR expr PUNTOCOM
    (14) mostrar_stmt -> . MOSTRAR PAR_IZQ expr PAR_DER PUNTOCOM
    (15) leer_stmt -> . LEER PAR_IZQ ID PAR_DER PUNTOCOM
    (16) si_stmt -> . SI PAR_IZQ expr PAR_DER LLA_IZQ lista_sentencias LLA_DER SINO LLA_IZQ lista_sentencias LLA_DER
    (17) si_stmt -> . SI PAR_IZQ expr PAR_DER LLA_IZQ lista_sentencias LLA_DER
    (10) tipo -> . ENTERO
    (11) tipo -> . CADENA_TIPO
    (12) tipo -> . LOGICO_TIPO

    LLA_DER         shift and go to state 84
    ID              shift and go to state 10
    MOSTRAR         shift and go to state 11
    LEER            shift and go to state 12
    SI              shift and go to state 13
    ENTERO          shift and go to state 14
    CADENA_TIPO     shift and go to state 15
    LOGICO_TIPO     shift and go to state 16

    sentencia                      shift and go to state 17
    declaracion                    shift and go to state 4
    asignacion                     shift and go to state 5
    mostrar_stmt                   shift and go to state 6
    leer_stmt                      shift and go to state 7
    si_stmt                        shift and go to state 8
    tipo                           shift and go to state 9

state 84

    (16) si_stmt -> SI PAR_IZQ expr PAR_DER LLA_IZQ lista_sentencias LLA_DER SINO LLA_IZQ lista_sentencias LLA_DER .

    ID              reduce using rule 16 (si_stmt -> SI PAR_IZQ expr PAR_DER LLA_IZQ lista_sentencias LLA_DER SINO LLA_IZQ lista_sentencias LLA_DER .)
    MOSTRAR         reduce using rule 16 (si_stmt -> SI PAR_IZQ expr PAR_DER LLA_IZQ lista_sentencias LLA_DER SINO LLA_IZQ lista_sentencias LLA_DER .)
    LEER            reduce using rule 16 (si_stmt -> SI PAR_IZQ expr PAR_DER LLA_IZQ lista_sentencias LLA_DER SINO LLA_IZQ lista_sentencias LLA_DER .)
    SI              reduce using rule 16 (si_stmt -> SI PAR_IZQ expr PAR_DER LLA_IZQ lista_sentencias LLA_DER SINO LLA_IZQ lista_sentencias LLA_DER .)
    ENTERO          reduce using rule 16 (si_stmt -> SI PAR_IZQ expr PAR_DER LLA_IZQ lista_sentencias LLA_DER SINO LLA_IZQ lista_sentencias LLA_DER .)
    CADENA_TIPO     reduce using rule 16 (si_stmt -> SI PAR_IZQ expr PAR_DER LLA_IZQ lista_sentencias LLA_DER SINO LLA_IZQ lista_sentencias LLA_DER .)
    LOGICO_TIPO     reduce using rule 16 (si_stmt -> SI PAR_IZQ expr PAR_DER LLA_IZQ lista_sentencias LLA_DER SINO LLA_IZQ lista_sentencias LLA_DER .)
    $end            reduce using rule 16 (si_stmt -> SI PAR_IZQ expr PAR_DER LLA_IZQ lista_sentencias LLA_DER SINO LLA_IZQ lista_sentencias LLA_DER .)
    LLA_DER         reduce using rule 16 (si_stmt -> SI PAR_IZQ expr PAR_DER LLA_IZQ lista_sentencias LLA_DER SINO LLA_IZQ lista_sentencias LLA_DER .)

